<?xml version="1.0" encoding="UTF-8"?>
<!-- Generated by org.testng.reporters.JUnitXMLReporter -->
<testsuite ignored="3" hostname="LAPTOP-7J7AB4M5" failures="1" tests="2" name="ChromeTest" time="30.566" errors="0" timestamp="2026-03-13T15:47:37 IST">
  <testcase classname="testCases.TC001_LoginTest" name="verifyLogin" time="11.947">
    <failure type="java.lang.AssertionError" message="expected [true] but found [false]">
      <![CDATA[java.lang.AssertionError: expected [true] but found [false]
at testCases.TC001_LoginTest.verifyLogin(TC001_LoginTest.java:38)
at java.base/java.util.ArrayList.forEach(ArrayList.java:1511)
... Removed 31 stack frames]]>
    </failure>
  </testcase> <!-- verifyLogin -->
  <testcase classname="testCases.TC003_LoginViaEmailAndPwd" name="verifyLoginWithEmailAndPassword" time="5.261"/>
  <testcase classname="testCases.LoginAndLogoutTest" name="verifyLoginAndLogout" time="0.0">
    <ignored/>
  </testcase> <!-- verifyLoginAndLogout -->
  <testcase classname="testCases.TC004_LoginViaEmailAndPasswordDDTTest" name="verifyLoginViaEmailAndPasswordDDT" time="0.0">
    <ignored/>
  </testcase> <!-- verifyLoginViaEmailAndPasswordDDT -->
  <testcase classname="testCases.TC002_AccountRegistrationTest" name="verifyAccountRegistration" time="0.0">
    <ignored/>
  </testcase> <!-- verifyAccountRegistration -->
</testsuite> <!-- ChromeTest -->
