<?xml version="1.0" encoding="UTF-8"?>
<!-- Generated by org.testng.reporters.JUnitXMLReporter -->
<testsuite ignored="2" hostname="LAPTOP-7J7AB4M5" failures="0" tests="3" name="ChromeTest" time="27.497" errors="0" timestamp="2026-03-13T12:43:30 IST">
  <testcase classname="testCases.TC001_LoginTest" name="verifyLogin" time="2.519"/>
  <testcase classname="testCases.TC003_LoginViaEmailAndPwd" name="verifyLoginWithEmailAndPassword" time="2.852"/>
  <testcase classname="testCases.LoginAndLogoutTest" name="verifyLoginAndLogout" time="4.262"/>
  <testcase classname="testCases.TC004_LoginViaEmailAndPasswordDDTTest" name="verifyLoginViaEmailAndPasswordDDT" time="0.0">
    <ignored/>
  </testcase> <!-- verifyLoginViaEmailAndPasswordDDT -->
  <testcase classname="testCases.TC002_AccountRegistrationTest" name="verifyAccountRegistration" time="0.0">
    <ignored/>
  </testcase> <!-- verifyAccountRegistration -->
</testsuite> <!-- ChromeTest -->
