<?xml version="1.0" encoding="UTF-8"?>
<!-- Generated by org.testng.reporters.JUnitXMLReporter -->
<testsuite ignored="0" hostname="LAPTOP-7J7AB4M5" failures="1" tests="1" name="ChromeTest" time="39.659" errors="0" timestamp="2026-03-25T07:49:59 IST">
  <testcase classname="testCases.TC006_VerifySearchResultPLP" name="VerifySearchResultPLP" time="33.909">
    <failure type="java.lang.AssertionError" message="The following asserts failed:
	expected [58] but found [20]">
      <![CDATA[java.lang.AssertionError: The following asserts failed:
expected [58] but found [20]
at testCases.TC006_VerifySearchResultPLP.VerifySearchResultPLP(TC006_VerifySearchResultPLP.java:41)
at java.base/java.util.ArrayList.forEach(ArrayList.java:1511)
... Removed 33 stack frames]]>
    </failure>
  </testcase> <!-- VerifySearchResultPLP -->
</testsuite> <!-- ChromeTest -->
