<?xml version="1.0" encoding="UTF-8"?>
<testng-results ignored="0" total="2" passed="2" failed="0" skipped="0">
  <reporter-output>
  </reporter-output>
  <suite started-at="2026-03-16T13:54:11 IST" name="Suite" finished-at="2026-03-16T13:54:40 IST" duration-ms="28758">
    <groups>
      <group name="sanity">
        <method signature="TC001_LoginTest.verifyLogin()[pri:0, instance:testCases.TC001_LoginTest@77825085]" name="verifyLogin" class="testCases.TC001_LoginTest"/>
        <method signature="TC003_LoginViaEmailAndPwd.verifyLoginWithEmailAndPassword()[pri:0, instance:testCases.TC003_LoginViaEmailAndPwd@4b1d6571]" name="verifyLoginWithEmailAndPassword" class="testCases.TC003_LoginViaEmailAndPwd"/>
      </group> <!-- sanity -->
      <group name="login">
        <method signature="TC001_LoginTest.verifyLogin()[pri:0, instance:testCases.TC001_LoginTest@77825085]" name="verifyLogin" class="testCases.TC001_LoginTest"/>
        <method signature="TC003_LoginViaEmailAndPwd.verifyLoginWithEmailAndPassword()[pri:0, instance:testCases.TC003_LoginViaEmailAndPwd@4b1d6571]" name="verifyLoginWithEmailAndPassword" class="testCases.TC003_LoginViaEmailAndPwd"/>
      </group> <!-- login -->
    </groups>
    <test started-at="2026-03-16T13:54:11 IST" name="ChromeTest" finished-at="2026-03-16T13:54:40 IST" duration-ms="28758">
      <class name="testCases.TC001_LoginTest">
        <test-method is-config="true" signature="setup(java.lang.String,java.lang.String)[pri:0, instance:testCases.TC001_LoginTest@77825085]" started-at="2026-03-16T13:54:11 IST" name="setup" finished-at="2026-03-16T13:54:25 IST" duration-ms="13744" status="PASS">
          <params>
            <param index="0">
              <value>
                <![CDATA[windows]]>
              </value>
            </param>
            <param index="1">
              <value>
                <![CDATA[chrome]]>
              </value>
            </param>
          </params>
          <reporter-output>
          </reporter-output>
        </test-method> <!-- setup -->
        <test-method signature="verifyLogin()[pri:0, instance:testCases.TC001_LoginTest@77825085]" started-at="2026-03-16T13:54:25 IST" name="verifyLogin" finished-at="2026-03-16T13:54:29 IST" duration-ms="4003" status="PASS">
          <reporter-output>
          </reporter-output>
        </test-method> <!-- verifyLogin -->
        <test-method is-config="true" signature="tearDown()[pri:0, instance:testCases.TC001_LoginTest@77825085]" started-at="2026-03-16T13:54:29 IST" name="tearDown" finished-at="2026-03-16T13:54:29 IST" duration-ms="324" status="PASS">
          <reporter-output>
          </reporter-output>
        </test-method> <!-- tearDown -->
      </class> <!-- testCases.TC001_LoginTest -->
      <class name="testCases.TC003_LoginViaEmailAndPwd">
        <test-method is-config="true" signature="setup(java.lang.String,java.lang.String)[pri:0, instance:testCases.TC003_LoginViaEmailAndPwd@4b1d6571]" started-at="2026-03-16T13:54:29 IST" name="setup" finished-at="2026-03-16T13:54:35 IST" duration-ms="5609" status="PASS">
          <params>
            <param index="0">
              <value>
                <![CDATA[windows]]>
              </value>
            </param>
            <param index="1">
              <value>
                <![CDATA[chrome]]>
              </value>
            </param>
          </params>
          <reporter-output>
          </reporter-output>
        </test-method> <!-- setup -->
        <test-method signature="verifyLoginWithEmailAndPassword()[pri:0, instance:testCases.TC003_LoginViaEmailAndPwd@4b1d6571]" started-at="2026-03-16T13:54:35 IST" name="verifyLoginWithEmailAndPassword" finished-at="2026-03-16T13:54:39 IST" duration-ms="4553" status="PASS">
          <reporter-output>
          </reporter-output>
        </test-method> <!-- verifyLoginWithEmailAndPassword -->
        <test-method is-config="true" signature="tearDown()[pri:0, instance:testCases.TC003_LoginViaEmailAndPwd@4b1d6571]" started-at="2026-03-16T13:54:39 IST" name="tearDown" finished-at="2026-03-16T13:54:40 IST" duration-ms="316" status="PASS">
          <reporter-output>
          </reporter-output>
        </test-method> <!-- tearDown -->
      </class> <!-- testCases.TC003_LoginViaEmailAndPwd -->
    </test> <!-- ChromeTest -->
  </suite> <!-- Suite -->
</testng-results>
