<?xml version="1.0" encoding="UTF-8"?>
<testsuite xmlns:xsi="http://www.w3.org/2001/XMLSchema-instance" xsi:noNamespaceSchemaLocation="https://maven.apache.org/surefire/maven-surefire-plugin/xsd/surefire-test-report.xsd" version="3.0.2" name="TestSuite" time="21.132" tests="2" errors="0" skipped="0" failures="0" flakes="0">
  <properties>
[...]
</properties>
  <testcase name="verifyLogin" classname="testCases.TC001_LoginTest" time="2.802">
    <system-out><![CDATA[17:55:48.633 [main] INFO  testCases.TC001_LoginTest - Launching browser: chrome
17:55:48.886 [main] INFO  io.github.bonigarcia.wdm.WebDriverManager - Using chromedriver 145.0.7632.117 (resolved driver for Chrome 145)
17:55:48.902 [main] INFO  io.github.bonigarcia.wdm.WebDriverManager - Exporting webdriver.chrome.driver as C:\Users\Prakash\.cache\selenium\chromedriver\win64\145.0.7632.117\chromedriver.exe
17:55:54.381 [main] INFO  testCases.TC001_LoginTest - *******Starting TC001_Login Via Phone Number*******
17:55:54.759 [main] INFO  testCases.TC001_LoginTest - *******Clicked and Opened the Login Popup*******
17:55:55.483 [main] INFO  testCases.TC001_LoginTest - *******Entered the Phone Number*******
17:55:55.557 [main] INFO  testCases.TC001_LoginTest - *******Clicked on Continue Button*******
17:55:57.125 [main] INFO  testCases.TC001_LoginTest - *******OTP Verification POPUP Opened*******
17:55:57.171 [main] INFO  testCases.TC001_LoginTest - *******Finished TC001 Completed Logged In Sucessfully*******
]]></system-out>
    <system-err><![CDATA[2026-03-15T12:25:48.206412100Z main DEBUG Apache Log4j Core 2.25 initializing configuration XmlConfiguration[location=C:\Users\Prakash\eclipse-workspace\trulyfreeV1\target\test-classes\log4j2.xml, lastModified=2026-03-15T12:25:46.062Z]
2026-03-15T12:25:48.208490500Z main DEBUG PluginManager 'Core' found 134 plugins
2026-03-15T12:25:48.208490500Z main DEBUG PluginManager 'Level' found 0 plugins
2026-03-15T12:25:48.211223200Z main DEBUG Building Plugin[name=Property, class=org.apache.logging.log4j.core.config.Property].
2026-03-15T12:25:48.224090100Z main DEBUG PluginManager 'TypeConverter' found 26 plugins
2026-03-15T12:25:48.229354500Z main DEBUG createProperty(name="basePath", value="./logs", Configuration(C:\Users\Prakash\eclipse-workspace\trulyfreeV1\target\test-classes\log4j2.xml))
2026-03-15T12:25:48.229937600Z main DEBUG Building Plugin[name=Properties, class=org.apache.logging.log4j.core.config.PropertiesPlugin].
2026-03-15T12:25:48.231985Z main DEBUG configureSubstitutor(={basePath=./logs}, Configuration(C:\Users\Prakash\eclipse-workspace\trulyfreeV1\target\test-classes\log4j2.xml))
2026-03-15T12:25:48.231985Z main DEBUG PluginManager 'Lookup' found 16 plugins
2026-03-15T12:25:48.233046800Z main DEBUG Building Plugin[name=layout, class=org.apache.logging.log4j.core.layout.PatternLayout].
2026-03-15T12:25:48.240979700Z main DEBUG PatternLayout$Builder(pattern="%d{HH:mm:ss.SSS} [%t] %-5level %logger{36} - %msg%n", PatternSelector=null, Configuration(C:\Users\Prakash\eclipse-workspace\trulyfreeV1\target\test-classes\log4j2.xml), Replace=null, charset="null", alwaysWriteExceptions="null", disableAnsi="null", noConsoleNoAnsi="null", header="null", footer="null")
2026-03-15T12:25:48.240979700Z main DEBUG PluginManager 'Converter' found 45 plugins
2026-03-15T12:25:48.263805200Z main DEBUG Building Plugin[name=appender, class=org.apache.logging.log4j.core.appender.ConsoleAppender].
2026-03-15T12:25:48.268471700Z main DEBUG ConsoleAppender$Builder(target="SYSTEM_OUT", follow="null", direct="null", bufferedIo="null", bufferSize="null", immediateFlush="null", ignoreExceptions="null", PatternLayout(%d{HH:mm:ss.SSS} [%t] %-5level %logger{36} - %msg%n), name="LogToConsole", Configuration(C:\Users\Prakash\eclipse-workspace\trulyfreeV1\target\test-classes\log4j2.xml), Filter=null, ={})
2026-03-15T12:25:48.272117400Z main DEBUG Starting OutputStreamManager SYSTEM_OUT.false.false
2026-03-15T12:25:48.272117400Z main DEBUG Building Plugin[name=layout, class=org.apache.logging.log4j.core.layout.PatternLayout].
2026-03-15T12:25:48.273060400Z main DEBUG PatternLayout$Builder(pattern="%d{HH:mm:ss.SSS} [%t] %-5level %logger{36} - %msg%n", PatternSelector=null, Configuration(C:\Users\Prakash\eclipse-workspace\trulyfreeV1\target\test-classes\log4j2.xml), Replace=null, charset="null", alwaysWriteExceptions="null", disableAnsi="null", noConsoleNoAnsi="null", header="null", footer="null")
2026-03-15T12:25:48.273060400Z main DEBUG Building Plugin[name=SizeBasedTriggeringPolicy, class=org.apache.logging.log4j.core.appender.rolling.SizeBasedTriggeringPolicy].
2026-03-15T12:25:48.276109800Z main DEBUG createPolicy(size="5000")
2026-03-15T12:25:48.276680500Z main DEBUG Building Plugin[name=appender, class=org.apache.logging.log4j.core.appender.RollingFileAppender].
2026-03-15T12:25:48.277801400Z main DEBUG RollingFileAppender$Builder(fileName="./logs/automation.log", filePattern="./logs/automation-%d{MM-dd-yyyy}.log", append="null", locking="null", SizeBasedTriggeringPolicy(SizeBasedTriggeringPolicy(size=5000)), Strategy=null, advertise="null", advertiseUri="null", createOnDemand="null", filePermissions="null", fileOwner="null", fileGroup="null", bufferedIo="null", bufferSize="null", immediateFlush="null", ignoreExceptions="null", PatternLayout(%d{HH:mm:ss.SSS} [%t] %-5level %logger{36} - %msg%n), name="LogToRollingFile", Configuration(C:\Users\Prakash\eclipse-workspace\trulyfreeV1\target\test-classes\log4j2.xml), Filter=null, ={})
2026-03-15T12:25:48.283170900Z main DEBUG Returning file creation time for C:\Users\Prakash\eclipse-workspace\trulyfreeV1\.\logs\automation.log
2026-03-15T12:25:48.283170900Z main DEBUG Starting RollingFileManager ./logs/automation.log
2026-03-15T12:25:48.284176400Z main DEBUG PluginManager 'FileConverter' found 2 plugins
2026-03-15T12:25:48.288395Z main DEBUG Setting prev file time to 2026-03-15T17:51:34.000+0530
2026-03-15T12:25:48.288395Z main DEBUG Initializing triggering policy SizeBasedTriggeringPolicy(size=5000)
2026-03-15T12:25:48.288395Z main DEBUG Building Plugin[name=Appenders, class=org.apache.logging.log4j.core.config.AppendersPlugin].
2026-03-15T12:25:48.289345100Z main DEBUG createAppenders(={LogToConsole, LogToRollingFile})
2026-03-15T12:25:48.289345100Z main DEBUG Building Plugin[name=Logger, class=org.apache.logging.log4j.core.config.LoggerConfig].
2026-03-15T12:25:48.291073100Z main DEBUG LoggerConfig$Builder(additivity="null", level="WARN", levelAndRefs="null", name="org.openqa.selenium", includeLocation="null", ={}, ={}, Configuration(C:\Users\Prakash\eclipse-workspace\trulyfreeV1\target\test-classes\log4j2.xml), Filter=null)
2026-03-15T12:25:48.292060100Z main DEBUG Building Plugin[name=Logger, class=org.apache.logging.log4j.core.config.LoggerConfig].
2026-03-15T12:25:48.292060100Z main DEBUG LoggerConfig$Builder(additivity="null", level="WARN", levelAndRefs="null", name="org.apache.hc", includeLocation="null", ={}, ={}, Configuration(C:\Users\Prakash\eclipse-workspace\trulyfreeV1\target\test-classes\log4j2.xml), Filter=null)
2026-03-15T12:25:48.293067700Z main DEBUG Building Plugin[name=AppenderRef, class=org.apache.logging.log4j.core.config.AppenderRef].
2026-03-15T12:25:48.293067700Z main DEBUG createAppenderRef(ref="LogToRollingFile", level="null", Filter=null)
2026-03-15T12:25:48.293067700Z main DEBUG Building Plugin[name=AppenderRef, class=org.apache.logging.log4j.core.config.AppenderRef].
2026-03-15T12:25:48.293067700Z main DEBUG createAppenderRef(ref="LogToConsole", level="null", Filter=null)
2026-03-15T12:25:48.294073500Z main DEBUG Building Plugin[name=Root, class=org.apache.logging.log4j.core.config.LoggerConfig$RootLogger].
2026-03-15T12:25:48.294073500Z main DEBUG LoggerConfig$RootLogger$Builder(additivity="null", level="INFO", levelAndRefs="null", includeLocation="null", ={LogToRollingFile, LogToConsole}, ={}, Configuration(C:\Users\Prakash\eclipse-workspace\trulyfreeV1\target\test-classes\log4j2.xml), Filter=null)
2026-03-15T12:25:48.295069100Z main DEBUG Building Plugin[name=Loggers, class=org.apache.logging.log4j.core.config.LoggersPlugin].
2026-03-15T12:25:48.295069100Z main DEBUG createLoggers(={org.openqa.selenium, org.apache.hc, root})
2026-03-15T12:25:48.295069100Z main DEBUG Configuration XmlConfiguration[location=C:\Users\Prakash\eclipse-workspace\trulyfreeV1\target\test-classes\log4j2.xml, lastModified=2026-03-15T12:25:46.062Z] initialized
2026-03-15T12:25:48.296060500Z main INFO Starting configuration XmlConfiguration[location=C:\Users\Prakash\eclipse-workspace\trulyfreeV1\target\test-classes\log4j2.xml, lastModified=2026-03-15T12:25:46.062Z]...
2026-03-15T12:25:48.296060500Z main INFO Configuration XmlConfiguration[location=C:\Users\Prakash\eclipse-workspace\trulyfreeV1\target\test-classes\log4j2.xml, lastModified=2026-03-15T12:25:46.062Z] started.
2026-03-15T12:25:48.297669200Z main INFO Stopping configuration org.apache.logging.log4j.core.config.DefaultConfiguration@bef2d72...
2026-03-15T12:25:48.297669200Z main DEBUG Shutting down OutputStreamManager SYSTEM_OUT.false.false-1
2026-03-15T12:25:48.297669200Z main DEBUG OutputStream closed
2026-03-15T12:25:48.297669200Z main DEBUG Shut down OutputStreamManager SYSTEM_OUT.false.false-1, all resources released: true
2026-03-15T12:25:48.297669200Z main DEBUG Appender DefaultConsole-1 stopped with status true
2026-03-15T12:25:48.297669200Z main INFO Configuration org.apache.logging.log4j.core.config.DefaultConfiguration@bef2d72 stopped.
2026-03-15T12:25:48.299285800Z main DEBUG org.apache.logging.log4j.core.util.SystemClock supports precise timestamps.
2026-03-15T12:25:48.299285800Z main DEBUG Reconfiguration complete for context[name=73d16e93] at URI C:\Users\Prakash\eclipse-workspace\trulyfreeV1\target\test-classes\log4j2.xml (org.apache.logging.log4j.core.LoggerContext@5b38c1ec) with optional ClassLoader: null
2026-03-15T12:25:48.299285800Z main DEBUG Shutdown hook enabled. Registering a new one.
2026-03-15T12:25:48.299916800Z main DEBUG LoggerContext[name=73d16e93, org.apache.logging.log4j.core.LoggerContext@5b38c1ec] started OK.
Mar 15, 2026 5:55:49 PM org.openqa.selenium.devtools.CdpVersionFinder findNearestMatch
WARNING: Unable to find CDP implementation matching 145
Mar 15, 2026 5:55:49 PM org.openqa.selenium.chromium.ChromiumDriver lambda$new$5
WARNING: Unable to find version of CDP to use for 145.0.7632.160. You may need to include a dependency on a specific version of the CDP using something similar to `org.seleniumhq.selenium:selenium-devtools-v86:4.19.1` where the version ("v86") matches the version of the chromium-based browser you're using and the version number of the artifact is the same as Selenium's.
]]></system-err>
  </testcase>
  <testcase name="verifyLoginWithEmailAndPassword" classname="testCases.TC003_LoginViaEmailAndPwd" time="5.747">
    <system-out><![CDATA[17:55:57.349 [main] INFO  testCases.TC003_LoginViaEmailAndPwd - Launching browser: chrome
17:55:57.360 [main] INFO  io.github.bonigarcia.wdm.WebDriverManager - Using chromedriver 145.0.7632.117 (resolved driver for Chrome 145)
17:55:57.367 [main] INFO  io.github.bonigarcia.wdm.WebDriverManager - Exporting webdriver.chrome.driver as C:\Users\Prakash\.cache\selenium\chromedriver\win64\145.0.7632.117\chromedriver.exe
17:56:02.867 [main] INFO  testCases.TC003_LoginViaEmailAndPwd - === Test Started : Login Via Email ===
17:56:02.954 [main] INFO  testCases.TC003_LoginViaEmailAndPwd - Login popup opened
17:56:05.764 [main] INFO  testCases.TC003_LoginViaEmailAndPwd - Clicked Login via Email
17:56:06.628 [main] INFO  testCases.TC003_LoginViaEmailAndPwd - Entered Email
17:56:06.717 [main] INFO  testCases.TC003_LoginViaEmailAndPwd - Entered Password
17:56:06.819 [main] INFO  testCases.TC003_LoginViaEmailAndPwd - Clicked Continue button
17:56:08.584 [main] INFO  testCases.TC003_LoginViaEmailAndPwd - Checking confirmation message
17:56:08.612 [main] INFO  testCases.TC003_LoginViaEmailAndPwd - Login successful : Logged in successfully as Salman !
17:56:08.612 [main] INFO  testCases.TC003_LoginViaEmailAndPwd - === Test Completed Successfully ===
]]></system-out>
    <system-err><![CDATA[Mar 15, 2026 5:55:58 PM org.openqa.selenium.devtools.CdpVersionFinder findNearestMatch
WARNING: Unable to find CDP implementation matching 145
Mar 15, 2026 5:55:58 PM org.openqa.selenium.chromium.ChromiumDriver lambda$new$5
WARNING: Unable to find version of CDP to use for 145.0.7632.160. You may need to include a dependency on a specific version of the CDP using something similar to `org.seleniumhq.selenium:selenium-devtools-v86:4.19.1` where the version ("v86") matches the version of the chromium-based browser you're using and the version number of the artifact is the same as Selenium's.
]]></system-err>
  </testcase>
</testsuite>