<?xml version="1.0" encoding="UTF-8"?>
<testng-results ignored="0" total="1" passed="1" failed="0" skipped="0">
  <reporter-output>
  </reporter-output>
  <suite started-at="2026-03-23T13:09:32 IST" name="Suite" finished-at="2026-03-23T13:10:26 IST" duration-ms="53956">
    <groups>
      <group name="regression">
        <method signature="TC006_VerifySearchResultPLP.VerifySearchResultPLP()[pri:0, instance:testCases.TC006_VerifySearchResultPLP@189aa67a]" name="VerifySearchResultPLP" class="testCases.TC006_VerifySearchResultPLP"/>
      </group> <!-- regression -->
      <group name="sanity">
        <method signature="TC006_VerifySearchResultPLP.VerifySearchResultPLP()[pri:0, instance:testCases.TC006_VerifySearchResultPLP@189aa67a]" name="VerifySearchResultPLP" class="testCases.TC006_VerifySearchResultPLP"/>
      </group> <!-- sanity -->
    </groups>
    <test started-at="2026-03-23T13:09:32 IST" name="ChromeTest" finished-at="2026-03-23T13:10:26 IST" duration-ms="53956">
      <class name="testCases.TC006_VerifySearchResultPLP">
        <test-method is-config="true" signature="setup(java.lang.String,java.lang.String)[pri:0, instance:testCases.TC006_VerifySearchResultPLP@189aa67a]" started-at="2026-03-23T13:09:32 IST" name="setup" finished-at="2026-03-23T13:09:46 IST" duration-ms="13421" status="PASS">
          <params>
            <param index="0">
              <value>
                <![CDATA[windows]]>
              </value>
            </param>
            <param index="1">
              <value>
                <![CDATA[chrome]]>
              </value>
            </param>
          </params>
          <reporter-output>
          </reporter-output>
        </test-method> <!-- setup -->
        <test-method signature="VerifySearchResultPLP()[pri:0, instance:testCases.TC006_VerifySearchResultPLP@189aa67a]" started-at="2026-03-23T13:09:46 IST" name="VerifySearchResultPLP" finished-at="2026-03-23T13:10:26 IST" duration-ms="40129" status="PASS">
          <reporter-output>
          </reporter-output>
        </test-method> <!-- VerifySearchResultPLP -->
        <test-method is-config="true" signature="tearDown()[pri:0, instance:testCases.TC006_VerifySearchResultPLP@189aa67a]" started-at="2026-03-23T13:10:26 IST" name="tearDown" finished-at="2026-03-23T13:10:26 IST" duration-ms="220" status="PASS">
          <reporter-output>
          </reporter-output>
        </test-method> <!-- tearDown -->
      </class> <!-- testCases.TC006_VerifySearchResultPLP -->
    </test> <!-- ChromeTest -->
  </suite> <!-- Suite -->
</testng-results>
