<?xml version="1.0" encoding="UTF-8"?>
<testng-results ignored="0" total="4" passed="4" failed="0" skipped="0">
  <reporter-output>
  </reporter-output>
  <suite started-at="2026-03-14T20:35:59 IST" name="DockerComposeSuite" finished-at="2026-03-14T20:36:18 IST" duration-ms="19373">
    <groups>
      <group name="sanity">
        <method signature="TC001_LoginTest.verifyLogin()[pri:0, instance:testCases.TC001_LoginTest@17a1e4ca]" name="verifyLogin" class="testCases.TC001_LoginTest"/>
        <method signature="TC003_LoginViaEmailAndPwd.verifyLoginWithEmailAndPassword()[pri:0, instance:testCases.TC003_LoginViaEmailAndPwd@56113384]" name="verifyLoginWithEmailAndPassword" class="testCases.TC003_LoginViaEmailAndPwd"/>
        <method signature="TC001_LoginTest.verifyLogin()[pri:0, instance:testCases.TC001_LoginTest@158a3b2e]" name="verifyLogin" class="testCases.TC001_LoginTest"/>
        <method signature="TC003_LoginViaEmailAndPwd.verifyLoginWithEmailAndPassword()[pri:0, instance:testCases.TC003_LoginViaEmailAndPwd@64ba3208]" name="verifyLoginWithEmailAndPassword" class="testCases.TC003_LoginViaEmailAndPwd"/>
      </group> <!-- sanity -->
      <group name="login">
        <method signature="TC001_LoginTest.verifyLogin()[pri:0, instance:testCases.TC001_LoginTest@17a1e4ca]" name="verifyLogin" class="testCases.TC001_LoginTest"/>
        <method signature="TC003_LoginViaEmailAndPwd.verifyLoginWithEmailAndPassword()[pri:0, instance:testCases.TC003_LoginViaEmailAndPwd@56113384]" name="verifyLoginWithEmailAndPassword" class="testCases.TC003_LoginViaEmailAndPwd"/>
        <method signature="TC001_LoginTest.verifyLogin()[pri:0, instance:testCases.TC001_LoginTest@158a3b2e]" name="verifyLogin" class="testCases.TC001_LoginTest"/>
        <method signature="TC003_LoginViaEmailAndPwd.verifyLoginWithEmailAndPassword()[pri:0, instance:testCases.TC003_LoginViaEmailAndPwd@64ba3208]" name="verifyLoginWithEmailAndPassword" class="testCases.TC003_LoginViaEmailAndPwd"/>
      </group> <!-- login -->
    </groups>
    <test started-at="2026-03-14T20:35:59 IST" name="ChromeTest" finished-at="2026-03-14T20:36:13 IST" duration-ms="14200">
      <class name="testCases.TC001_LoginTest">
        <test-method is-config="true" signature="setup(java.lang.String,java.lang.String)[pri:0, instance:testCases.TC001_LoginTest@17a1e4ca]" started-at="2026-03-14T20:35:59 IST" name="setup" finished-at="2026-03-14T20:36:04 IST" duration-ms="4816" status="PASS">
          <params>
            <param index="0">
              <value>
                <![CDATA[linux]]>
              </value>
            </param>
            <param index="1">
              <value>
                <![CDATA[chrome]]>
              </value>
            </param>
          </params>
          <reporter-output>
          </reporter-output>
        </test-method> <!-- setup -->
        <test-method signature="verifyLogin()[pri:0, instance:testCases.TC001_LoginTest@17a1e4ca]" started-at="2026-03-14T20:36:04 IST" name="verifyLogin" finished-at="2026-03-14T20:36:07 IST" duration-ms="2887" status="PASS">
          <reporter-output>
          </reporter-output>
        </test-method> <!-- verifyLogin -->
        <test-method is-config="true" signature="tearDown()[pri:0, instance:testCases.TC001_LoginTest@17a1e4ca]" started-at="2026-03-14T20:36:07 IST" name="tearDown" finished-at="2026-03-14T20:36:07 IST" duration-ms="84" status="PASS">
          <reporter-output>
          </reporter-output>
        </test-method> <!-- tearDown -->
      </class> <!-- testCases.TC001_LoginTest -->
      <class name="testCases.TC003_LoginViaEmailAndPwd">
        <test-method is-config="true" signature="setup(java.lang.String,java.lang.String)[pri:0, instance:testCases.TC003_LoginViaEmailAndPwd@56113384]" started-at="2026-03-14T20:36:07 IST" name="setup" finished-at="2026-03-14T20:36:10 IST" duration-ms="3115" status="PASS">
          <params>
            <param index="0">
              <value>
                <![CDATA[linux]]>
              </value>
            </param>
            <param index="1">
              <value>
                <![CDATA[chrome]]>
              </value>
            </param>
          </params>
          <reporter-output>
          </reporter-output>
        </test-method> <!-- setup -->
        <test-method signature="verifyLoginWithEmailAndPassword()[pri:0, instance:testCases.TC003_LoginViaEmailAndPwd@56113384]" started-at="2026-03-14T20:36:10 IST" name="verifyLoginWithEmailAndPassword" finished-at="2026-03-14T20:36:13 IST" duration-ms="3118" status="PASS">
          <reporter-output>
          </reporter-output>
        </test-method> <!-- verifyLoginWithEmailAndPassword -->
        <test-method is-config="true" signature="tearDown()[pri:0, instance:testCases.TC003_LoginViaEmailAndPwd@56113384]" started-at="2026-03-14T20:36:13 IST" name="tearDown" finished-at="2026-03-14T20:36:13 IST" duration-ms="81" status="PASS">
          <reporter-output>
          </reporter-output>
        </test-method> <!-- tearDown -->
      </class> <!-- testCases.TC003_LoginViaEmailAndPwd -->
    </test> <!-- ChromeTest -->
    <test started-at="2026-03-14T20:35:59 IST" name="FirefoxTest" finished-at="2026-03-14T20:36:18 IST" duration-ms="19373">
      <class name="testCases.TC001_LoginTest">
        <test-method is-config="true" signature="setup(java.lang.String,java.lang.String)[pri:0, instance:testCases.TC001_LoginTest@158a3b2e]" started-at="2026-03-14T20:36:09 IST" name="setup" finished-at="2026-03-14T20:36:16 IST" duration-ms="6048" status="PASS">
          <params>
            <param index="0">
              <value>
                <![CDATA[linux]]>
              </value>
            </param>
            <param index="1">
              <value>
                <![CDATA[firefox]]>
              </value>
            </param>
          </params>
          <reporter-output>
          </reporter-output>
        </test-method> <!-- setup -->
        <test-method signature="verifyLogin()[pri:0, instance:testCases.TC001_LoginTest@158a3b2e]" started-at="2026-03-14T20:36:16 IST" name="verifyLogin" finished-at="2026-03-14T20:36:18 IST" duration-ms="2213" status="PASS">
          <reporter-output>
          </reporter-output>
        </test-method> <!-- verifyLogin -->
        <test-method is-config="true" signature="tearDown()[pri:0, instance:testCases.TC001_LoginTest@158a3b2e]" started-at="2026-03-14T20:36:18 IST" name="tearDown" finished-at="2026-03-14T20:36:18 IST" duration-ms="610" status="PASS">
          <reporter-output>
          </reporter-output>
        </test-method> <!-- tearDown -->
      </class> <!-- testCases.TC001_LoginTest -->
      <class name="testCases.TC003_LoginViaEmailAndPwd">
        <test-method is-config="true" signature="setup(java.lang.String,java.lang.String)[pri:0, instance:testCases.TC003_LoginViaEmailAndPwd@64ba3208]" started-at="2026-03-14T20:35:59 IST" name="setup" finished-at="2026-03-14T20:36:06 IST" duration-ms="6753" status="PASS">
          <params>
            <param index="0">
              <value>
                <![CDATA[linux]]>
              </value>
            </param>
            <param index="1">
              <value>
                <![CDATA[firefox]]>
              </value>
            </param>
          </params>
          <reporter-output>
          </reporter-output>
        </test-method> <!-- setup -->
        <test-method signature="verifyLoginWithEmailAndPassword()[pri:0, instance:testCases.TC003_LoginViaEmailAndPwd@64ba3208]" started-at="2026-03-14T20:36:06 IST" name="verifyLoginWithEmailAndPassword" finished-at="2026-03-14T20:36:09 IST" duration-ms="2782" status="PASS">
          <reporter-output>
          </reporter-output>
        </test-method> <!-- verifyLoginWithEmailAndPassword -->
        <test-method is-config="true" signature="tearDown()[pri:0, instance:testCases.TC003_LoginViaEmailAndPwd@64ba3208]" started-at="2026-03-14T20:36:09 IST" name="tearDown" finished-at="2026-03-14T20:36:09 IST" duration-ms="813" status="PASS">
          <reporter-output>
          </reporter-output>
        </test-method> <!-- tearDown -->
      </class> <!-- testCases.TC003_LoginViaEmailAndPwd -->
    </test> <!-- FirefoxTest -->
  </suite> <!-- DockerComposeSuite -->
</testng-results>
