<?xml version="1.0" encoding="UTF-8"?>
<!-- Generated by org.testng.reporters.JUnitReportReporter -->
<testsuite hostname="LAPTOP-7J7AB4M5" failures="0" tests="6" name="testCases.TC004_LoginViaEmailAndPasswordDDTTest" time="47.945" errors="0" timestamp="2026-03-13T12:47:25 IST" skipped="0">
  <testcase classname="testCases.TC004_LoginViaEmailAndPasswordDDTTest" name="verifyLoginViaEmailAndPasswordDDT" time="3.059"/>
  <testcase classname="testCases.TC004_LoginViaEmailAndPasswordDDTTest" name="verifyLoginViaEmailAndPasswordDDT" time="11.175"/>
  <testcase classname="testCases.TC004_LoginViaEmailAndPasswordDDTTest" name="verifyLoginViaEmailAndPasswordDDT" time="11.243"/>
  <testcase classname="testCases.TC004_LoginViaEmailAndPasswordDDTTest" name="verifyLoginViaEmailAndPasswordDDT" time="7.548"/>
  <testcase classname="testCases.TC004_LoginViaEmailAndPasswordDDTTest" name="verifyLoginViaEmailAndPasswordDDT" time="3.023"/>
  <testcase classname="testCases.TC004_LoginViaEmailAndPasswordDDTTest" name="verifyLoginViaEmailAndPasswordDDT" time="11.897"/>
</testsuite> <!-- testCases.TC004_LoginViaEmailAndPasswordDDTTest -->
