<?xml version="1.0" encoding="UTF-8"?>
<!-- Generated by org.testng.reporters.JUnitReportReporter -->
<testsuite hostname="LAPTOP-7J7AB4M5" failures="0" tests="2" name="testCases.TC003_LoginViaEmailAndPwd" time="6.592" errors="0" timestamp="2026-03-21T17:21:41 IST" skipped="0">
  <testcase classname="testCases.TC003_LoginViaEmailAndPwd" name="verifyLoginWithEmailAndPassword" time="3.755"/>
  <testcase classname="testCases.TC003_LoginViaEmailAndPwd" name="verifyLoginWithEmailAndPassword" time="2.837"/>
</testsuite> <!-- testCases.TC003_LoginViaEmailAndPwd -->
