<?xml version="1.0" encoding="UTF-8"?>
<!-- Generated by org.testng.reporters.JUnitReportReporter -->
<testsuite hostname="LAPTOP-7J7AB4M5" failures="0" tests="6" name="testCases.TC004_LoginViaEmailAndPasswordDDTTest" time="55.849" errors="0" timestamp="2026-03-30T19:41:04 IST" skipped="0">
  <testcase classname="testCases.TC004_LoginViaEmailAndPasswordDDTTest" name="verifyLoginViaEmailAndPasswordDDT" time="12.295"/>
  <testcase classname="testCases.TC004_LoginViaEmailAndPasswordDDTTest" name="verifyLoginViaEmailAndPasswordDDT" time="4.693"/>
  <testcase classname="testCases.TC004_LoginViaEmailAndPasswordDDTTest" name="verifyLoginViaEmailAndPasswordDDT" time="12.453"/>
  <testcase classname="testCases.TC004_LoginViaEmailAndPasswordDDTTest" name="verifyLoginViaEmailAndPasswordDDT" time="6.263"/>
  <testcase classname="testCases.TC004_LoginViaEmailAndPasswordDDTTest" name="verifyLoginViaEmailAndPasswordDDT" time="6.145"/>
  <testcase classname="testCases.TC004_LoginViaEmailAndPasswordDDTTest" name="verifyLoginViaEmailAndPasswordDDT" time="14.000"/>
</testsuite> <!-- testCases.TC004_LoginViaEmailAndPasswordDDTTest -->
