<?xml version="1.0" encoding="UTF-8"?>
<!-- Generated by org.testng.reporters.JUnitReportReporter -->
<testsuite hostname="LAPTOP-7J7AB4M5" failures="0" tests="2" name="testCases.TC003_LoginViaEmailAndPwd" time="5.900" errors="0" timestamp="2026-03-14T20:36:18 IST" skipped="0">
  <testcase classname="testCases.TC003_LoginViaEmailAndPwd" name="verifyLoginWithEmailAndPassword" time="2.782"/>
  <testcase classname="testCases.TC003_LoginViaEmailAndPwd" name="verifyLoginWithEmailAndPassword" time="3.118"/>
</testsuite> <!-- testCases.TC003_LoginViaEmailAndPwd -->
