<?xml version="1.0" encoding="UTF-8"?>
<!-- Generated by org.testng.reporters.JUnitReportReporter -->
<testsuite hostname="LAPTOP-7J7AB4M5" failures="0" tests="5" name="testCases.LoginAndLogoutTest" time="29.483" errors="0" timestamp="2026-04-06T17:20:50 IST" skipped="0">
  <testcase classname="testCases.LoginAndLogoutTest" name="verifyLoginAndLogout" time="4.266"/>
  <testcase classname="testCases.LoginAndLogoutTest" name="verifyLoginAndLogout" time="6.047"/>
  <testcase classname="testCases.LoginAndLogoutTest" name="verifyLoginAndLogout" time="8.453"/>
  <testcase classname="testCases.LoginAndLogoutTest" name="verifyLoginAndLogout" time="6.839"/>
  <testcase classname="testCases.LoginAndLogoutTest" name="verifyLoginAndLogout" time="3.878"/>
</testsuite> <!-- testCases.LoginAndLogoutTest -->
